[debug] [2024-01-11T21:07:11.665Z] ----------------------------------------------------------------------
[debug] [2024-01-11T21:07:11.688Z] Command:       C:\Program Files\nodejs\node.exe C:\Users\wola\AppData\Roaming\npm\node_modules\firebase-tools\lib\bin\firebase.js init
[debug] [2024-01-11T21:07:11.689Z] CLI Version:   13.0.3
[debug] [2024-01-11T21:07:11.691Z] Platform:      win32
[debug] [2024-01-11T21:07:11.692Z] Node Version:  v18.17.1
[debug] [2024-01-11T21:07:11.978Z] Time:          Thu Jan 11 2024 21:07:11 GMT+0000 (temps universel coordonné)
[debug] [2024-01-11T21:07:11.979Z] ----------------------------------------------------------------------
[debug] 
[debug] [2024-01-11T21:07:12.399Z] > command requires scopes: ["email","openid","https://www.googleapis.com/auth/cloudplatformprojects.readonly","https://www.googleapis.com/auth/firebase","https://www.googleapis.com/auth/cloud-platform"]
[debug] [2024-01-11T21:07:12.402Z] > authorizing via signed-in user (benowola@gmail.com)
[info] 
     ######## #### ########  ######## ########     ###     ######  ########
     ##        ##  ##     ## ##       ##     ##  ##   ##  ##       ##
     ######    ##  ########  ######   ########  #########  ######  ######
     ##        ##  ##    ##  ##       ##     ## ##     ##       ## ##
     ##       #### ##     ## ######## ########  ##     ##  ######  ########

You're about to initialize a Firebase project in this directory:

  C:\Users\wola\Desktop\all_desktop\woca\woca

Before we get started, keep in mind:

  * You are initializing within an existing Firebase project directory

[info] 
=== Project Setup
[info] 
[info] First, let's associate this project directory with a Firebase project.
[info] You can create multiple project aliases by running firebase use --add, 
[info] but for now we'll just set up a default project.
[info] 
[debug] [2024-01-11T21:09:21.490Z] Using project from CLI flag: woca-86228
[debug] [2024-01-11T21:09:21.496Z] > refreshing access token with scopes: []
[debug] [2024-01-11T21:09:21.501Z] >>> [apiv2][query] POST https://www.googleapis.com/oauth2/v3/token [none]
[debug] [2024-01-11T21:09:21.503Z] >>> [apiv2][body] POST https://www.googleapis.com/oauth2/v3/token [omitted]
[debug] [2024-01-11T21:09:24.132Z] <<< [apiv2][status] POST https://www.googleapis.com/oauth2/v3/token 400
[debug] [2024-01-11T21:09:24.133Z] <<< [apiv2][body] POST https://www.googleapis.com/oauth2/v3/token [omitted]
[debug] [2024-01-11T21:09:24.135Z] >>> [apiv2][query] GET https://firebase.googleapis.com/v1beta1/projects/woca-86228 [none]
[debug] [2024-01-11T21:09:26.107Z] <<< [apiv2][status] GET https://firebase.googleapis.com/v1beta1/projects/woca-86228 401
[debug] [2024-01-11T21:09:26.108Z] <<< [apiv2][body] GET https://firebase.googleapis.com/v1beta1/projects/woca-86228 {"error":{"code":401,"message":"Request had invalid authentication credentials. Expected OAuth 2 access token, login cookie or other valid authentication credential. See https://developers.google.com/identity/sign-in/web/devconsole-project.","status":"UNAUTHENTICATED"}}
[debug] [2024-01-11T21:09:26.111Z] HTTP Error: 401, Request had invalid authentication credentials. Expected OAuth 2 access token, login cookie or other valid authentication credential. See https://developers.google.com/identity/sign-in/web/devconsole-project.
[debug] [2024-01-11T21:09:26.140Z] FirebaseError: HTTP Error: 401, Request had invalid authentication credentials. Expected OAuth 2 access token, login cookie or other valid authentication credential. See https://developers.google.com/identity/sign-in/web/devconsole-project.
    at responseToError (C:\Users\wola\AppData\Roaming\npm\node_modules\firebase-tools\lib\responseToError.js:49:12)
    at RetryOperation._fn (C:\Users\wola\AppData\Roaming\npm\node_modules\firebase-tools\lib\apiv2.js:292:77)
    at process.processTicksAndRejections (node:internal/process/task_queues:95:5)
[error] 
[error] Error: Failed to get Firebase project woca-86228. Please make sure the project exists and your account has permission to access it.
